<?xml version="1.0" encoding="UTF-8"?>
<coverage generated="1512602571849" clover="3.2.0">
  <project timestamp="1512602571849" name="All files">
    <metrics statements="91" coveredstatements="58" conditionals="31" coveredconditionals="4" methods="52" coveredmethods="25" elements="174" coveredelements="87" complexity="0" loc="91" ncloc="91" packages="3" files="8" classes="8">
      <package name="src">
        <metrics statements="20" coveredstatements="2" conditionals="25" coveredconditionals="0" methods="17" coveredmethods="2"/>
        <file name="App.js" path="C:\Code\Miniprojekti-Ohtu\react-front\src\App.js">
          <metrics statements="2" coveredstatements="2" conditionals="0" coveredconditionals="0" methods="2" coveredmethods="2"/>
          <line num="8" count="1" type="stmt"/>
          <line num="12" count="1" type="stmt"/>
        </file>
        <file name="index.js" path="C:\Code\Miniprojekti-Ohtu\react-front\src\index.js">
          <metrics statements="4" coveredstatements="0" conditionals="4" coveredconditionals="0" methods="1" coveredmethods="0"/>
          <line num="1" count="0" type="stmt"/>
          <line num="2" count="0" type="stmt"/>
          <line num="3" count="0" type="cond" truecount="0" falsecount="4"/>
          <line num="5" count="0" type="stmt"/>
        </file>
        <file name="registerServiceWorker.js" path="C:\Code\Miniprojekti-Ohtu\react-front\src\registerServiceWorker.js">
          <metrics statements="14" coveredstatements="0" conditionals="21" coveredconditionals="0" methods="14" coveredmethods="0"/>
          <line num="1" count="0" type="stmt"/>
          <line num="21" count="0" type="stmt"/>
          <line num="109" count="0" type="cond" truecount="0" falsecount="3"/>
          <line num="111" count="0" type="cond" truecount="0" falsecount="4"/>
          <line num="112" count="0" type="cond" truecount="0" falsecount="2"/>
          <line num="115" count="0" type="cond" truecount="0" falsecount="2"/>
          <line num="116" count="0" type="stmt"/>
          <line num="117" count="0" type="cond" truecount="0" falsecount="4"/>
          <line num="121" count="0" type="stmt"/>
          <line num="124" count="0" type="stmt"/>
          <line num="125" count="0" type="stmt"/>
          <line num="126" count="0" type="cond" truecount="0" falsecount="4"/>
          <line num="127" count="0" type="stmt"/>
          <line num="128" count="0" type="cond" truecount="0" falsecount="2"/>
        </file>
      </package>
      <package name="src.components">
        <metrics statements="63" coveredstatements="54" conditionals="6" coveredconditionals="4" methods="32" coveredmethods="23"/>
        <file name="BookList.js" path="C:\Code\Miniprojekti-Ohtu\react-front\src\components\BookList.js">
          <metrics statements="20" coveredstatements="17" conditionals="2" coveredconditionals="0" methods="12" coveredmethods="9"/>
          <line num="5" count="2" type="stmt"/>
          <line num="6" count="2" type="stmt"/>
          <line num="7" count="2" type="stmt"/>
          <line num="11" count="6" type="stmt"/>
          <line num="12" count="6" type="stmt"/>
          <line num="16" count="6" type="stmt"/>
          <line num="17" count="6" type="stmt"/>
          <line num="21" count="5" type="stmt"/>
          <line num="25" count="6" type="stmt"/>
          <line num="26" count="0" type="stmt"/>
          <line num="28" count="0" type="stmt"/>
          <line num="32" count="4" type="stmt"/>
          <line num="37" count="2" type="stmt"/>
          <line num="38" count="1" type="stmt"/>
          <line num="45" count="9" type="stmt"/>
          <line num="46" count="1" type="stmt"/>
          <line num="49" count="9" type="stmt"/>
          <line num="60" count="1" type="stmt"/>
          <line num="61" count="0" type="cond" truecount="0" falsecount="2"/>
          <line num="63" count="1" type="stmt"/>
        </file>
        <file name="NavigationBar.js" path="C:\Code\Miniprojekti-Ohtu\react-front\src\components\NavigationBar.js">
          <metrics statements="5" coveredstatements="5" conditionals="0" coveredconditionals="0" methods="1" coveredmethods="1"/>
          <line num="5" count="2" type="stmt"/>
          <line num="6" count="2" type="stmt"/>
          <line num="7" count="2" type="stmt"/>
          <line num="8" count="2" type="stmt"/>
          <line num="12" count="3" type="stmt"/>
        </file>
        <file name="SubmitForm.js" path="C:\Code\Miniprojekti-Ohtu\react-front\src\components\SubmitForm.js">
          <metrics statements="14" coveredstatements="12" conditionals="0" coveredconditionals="0" methods="7" coveredmethods="5"/>
          <line num="5" count="3" type="stmt"/>
          <line num="6" count="3" type="stmt"/>
          <line num="7" count="3" type="stmt"/>
          <line num="8" count="3" type="stmt"/>
          <line num="12" count="6" type="stmt"/>
          <line num="13" count="6" type="stmt"/>
          <line num="17" count="6" type="stmt"/>
          <line num="21" count="2" type="stmt"/>
          <line num="25" count="2" type="stmt"/>
          <line num="33" count="1" type="stmt"/>
          <line num="38" count="8" type="stmt"/>
          <line num="42" count="0" type="stmt"/>
          <line num="44" count="0" type="stmt"/>
          <line num="46" count="1" type="stmt"/>
        </file>
        <file name="Tip.js" path="C:\Code\Miniprojekti-Ohtu\react-front\src\components\Tip.js">
          <metrics statements="24" coveredstatements="20" conditionals="4" coveredconditionals="4" methods="12" coveredmethods="8"/>
          <line num="6" count="9" type="stmt"/>
          <line num="7" count="9" type="stmt"/>
          <line num="13" count="9" type="stmt"/>
          <line num="14" count="9" type="stmt"/>
          <line num="18" count="9" type="stmt"/>
          <line num="19" count="9" type="stmt"/>
          <line num="24" count="9" type="stmt"/>
          <line num="25" count="9" type="stmt"/>
          <line num="26" count="9" type="stmt"/>
          <line num="30" count="3" type="stmt"/>
          <line num="33" count="0" type="stmt"/>
          <line num="37" count="0" type="stmt"/>
          <line num="39" count="0" type="stmt"/>
          <line num="40" count="0" type="stmt"/>
          <line num="46" count="1" type="stmt"/>
          <line num="47" count="1" type="stmt"/>
          <line num="48" count="1" type="stmt"/>
          <line num="56" count="1" type="stmt"/>
          <line num="57" count="1" type="stmt"/>
          <line num="70" count="4" type="stmt"/>
          <line num="76" count="23" type="stmt"/>
          <line num="77" count="23" type="stmt"/>
          <line num="81" count="1" type="stmt"/>
          <line num="87" count="3" type="stmt"/>
        </file>
      </package>
      <package name="src.components.formfields">
        <metrics statements="8" coveredstatements="2" conditionals="0" coveredconditionals="0" methods="3" coveredmethods="0"/>
        <file name="Field.js" path="C:\Code\Miniprojekti-Ohtu\react-front\src\components\formfields\Field.js">
          <metrics statements="8" coveredstatements="2" conditionals="0" coveredconditionals="0" methods="3" coveredmethods="0"/>
          <line num="3" count="3" type="stmt"/>
          <line num="4" count="3" type="stmt"/>
          <line num="8" count="0" type="stmt"/>
          <line num="10" count="0" type="stmt"/>
          <line num="17" count="0" type="stmt"/>
          <line num="21" count="0" type="stmt"/>
          <line num="22" count="0" type="stmt"/>
          <line num="27" count="0" type="stmt"/>
        </file>
      </package>
    </metrics>
  </project>
</coverage>
