<?xml version="1.0" encoding="UTF-8"?>
<coverage generated="1513206849566" clover="3.2.0">
  <project timestamp="1513206849566" name="All files">
    <metrics statements="119" coveredstatements="86" conditionals="45" coveredconditionals="15" methods="63" coveredmethods="33" elements="227" coveredelements="134" complexity="0" loc="119" ncloc="119" packages="2" files="8" classes="8">
      <package name="src">
        <metrics statements="35" coveredstatements="15" conditionals="25" coveredconditionals="0" methods="26" coveredmethods="8"/>
        <file name="App.js" path="C:\Code\Miniprojekti-Ohtu\react-front\src\App.js">
          <metrics statements="17" coveredstatements="15" conditionals="0" coveredconditionals="0" methods="11" coveredmethods="8"/>
          <line num="9" count="2" type="stmt"/>
          <line num="10" count="2" type="stmt"/>
          <line num="19" count="2" type="stmt"/>
          <line num="20" count="2" type="stmt"/>
          <line num="21" count="2" type="stmt"/>
          <line num="22" count="2" type="stmt"/>
          <line num="26" count="2" type="stmt"/>
          <line num="30" count="1" type="stmt"/>
          <line num="31" count="1" type="stmt"/>
          <line num="37" count="3" type="stmt"/>
          <line num="38" count="0" type="stmt"/>
          <line num="40" count="0" type="stmt"/>
          <line num="44" count="2" type="stmt"/>
          <line num="49" count="1" type="stmt"/>
          <line num="50" count="1" type="stmt"/>
          <line num="57" count="1" type="stmt"/>
          <line num="63" count="5" type="stmt"/>
        </file>
        <file name="index.js" path="C:\Code\Miniprojekti-Ohtu\react-front\src\index.js">
          <metrics statements="4" coveredstatements="0" conditionals="4" coveredconditionals="0" methods="1" coveredmethods="0"/>
          <line num="1" count="0" type="stmt"/>
          <line num="2" count="0" type="stmt"/>
          <line num="3" count="0" type="cond" truecount="0" falsecount="4"/>
          <line num="5" count="0" type="stmt"/>
        </file>
        <file name="registerServiceWorker.js" path="C:\Code\Miniprojekti-Ohtu\react-front\src\registerServiceWorker.js">
          <metrics statements="14" coveredstatements="0" conditionals="21" coveredconditionals="0" methods="14" coveredmethods="0"/>
          <line num="1" count="0" type="stmt"/>
          <line num="21" count="0" type="stmt"/>
          <line num="109" count="0" type="cond" truecount="0" falsecount="3"/>
          <line num="111" count="0" type="cond" truecount="0" falsecount="4"/>
          <line num="112" count="0" type="cond" truecount="0" falsecount="2"/>
          <line num="115" count="0" type="cond" truecount="0" falsecount="2"/>
          <line num="116" count="0" type="stmt"/>
          <line num="117" count="0" type="cond" truecount="0" falsecount="4"/>
          <line num="121" count="0" type="stmt"/>
          <line num="124" count="0" type="stmt"/>
          <line num="125" count="0" type="stmt"/>
          <line num="126" count="0" type="cond" truecount="0" falsecount="4"/>
          <line num="127" count="0" type="stmt"/>
          <line num="128" count="0" type="cond" truecount="0" falsecount="2"/>
        </file>
      </package>
      <package name="src.components">
        <metrics statements="84" coveredstatements="71" conditionals="20" coveredconditionals="15" methods="37" coveredmethods="25"/>
        <file name="BookList.js" path="C:\Code\Miniprojekti-Ohtu\react-front\src\components\BookList.js">
          <metrics statements="7" coveredstatements="7" conditionals="0" coveredconditionals="0" methods="3" coveredmethods="3"/>
          <line num="6" count="2" type="stmt"/>
          <line num="7" count="2" type="stmt"/>
          <line num="8" count="2" type="stmt"/>
          <line num="12" count="4" type="stmt"/>
          <line num="16" count="7" type="stmt"/>
          <line num="17" count="2" type="stmt"/>
          <line num="19" count="7" type="stmt"/>
        </file>
        <file name="NavigationBar.js" path="C:\Code\Miniprojekti-Ohtu\react-front\src\components\NavigationBar.js">
          <metrics statements="12" coveredstatements="10" conditionals="0" coveredconditionals="0" methods="3" coveredmethods="1"/>
          <line num="3" count="2" type="stmt"/>
          <line num="4" count="2" type="stmt"/>
          <line num="5" count="2" type="stmt"/>
          <line num="6" count="2" type="stmt"/>
          <line num="7" count="2" type="stmt"/>
          <line num="8" count="2" type="stmt"/>
          <line num="10" count="2" type="stmt"/>
          <line num="16" count="2" type="stmt"/>
          <line num="25" count="7" type="stmt"/>
          <line num="35" count="0" type="stmt"/>
          <line num="36" count="0" type="stmt"/>
          <line num="44" count="2" type="stmt"/>
        </file>
        <file name="Search.js" path="C:\Code\Miniprojekti-Ohtu\react-front\src\components\Search.js">
          <metrics statements="18" coveredstatements="14" conditionals="4" coveredconditionals="2" methods="8" coveredmethods="5"/>
          <line num="5" count="3" type="stmt"/>
          <line num="6" count="3" type="stmt"/>
          <line num="7" count="3" type="stmt"/>
          <line num="9" count="3" type="stmt"/>
          <line num="13" count="5" type="stmt"/>
          <line num="14" count="5" type="stmt"/>
          <line num="20" count="5" type="stmt"/>
          <line num="24" count="3" type="stmt"/>
          <line num="29" count="8" type="cond" truecount="2" falsecount="0"/>
          <line num="30" count="6" type="stmt"/>
          <line num="31" count="1" type="stmt"/>
          <line num="33" count="6" type="stmt"/>
          <line num="35" count="2" type="stmt"/>
          <line num="36" count="0" type="stmt"/>
          <line num="40" count="8" type="stmt"/>
          <line num="44" count="0" type="stmt"/>
          <line num="45" count="0" type="cond" truecount="0" falsecount="2"/>
          <line num="48" count="0" type="stmt"/>
        </file>
        <file name="SubmitForm.js" path="C:\Code\Miniprojekti-Ohtu\react-front\src\components\SubmitForm.js">
          <metrics statements="15" coveredstatements="13" conditionals="4" coveredconditionals="1" methods="7" coveredmethods="5"/>
          <line num="4" count="4" type="stmt"/>
          <line num="5" count="4" type="stmt"/>
          <line num="6" count="4" type="stmt"/>
          <line num="7" count="4" type="stmt"/>
          <line num="11" count="7" type="stmt"/>
          <line num="12" count="7" type="stmt"/>
          <line num="16" count="7" type="stmt"/>
          <line num="20" count="2" type="stmt"/>
          <line num="24" count="2" type="stmt"/>
          <line num="34" count="1" type="stmt"/>
          <line num="38" count="12" type="cond" truecount="1" falsecount="3"/>
          <line num="39" count="12" type="stmt"/>
          <line num="43" count="0" type="stmt"/>
          <line num="45" count="0" type="stmt"/>
          <line num="47" count="1" type="stmt"/>
        </file>
        <file name="Tip.js" path="C:\Code\Miniprojekti-Ohtu\react-front\src\components\Tip.js">
          <metrics statements="32" coveredstatements="27" conditionals="12" coveredconditionals="12" methods="16" coveredmethods="11"/>
          <line num="7" count="14" type="stmt"/>
          <line num="8" count="14" type="stmt"/>
          <line num="15" count="14" type="stmt"/>
          <line num="16" count="14" type="stmt"/>
          <line num="20" count="14" type="stmt"/>
          <line num="21" count="14" type="stmt"/>
          <line num="26" count="14" type="stmt"/>
          <line num="27" count="14" type="stmt"/>
          <line num="28" count="14" type="stmt"/>
          <line num="32" count="4" type="stmt"/>
          <line num="35" count="0" type="stmt"/>
          <line num="39" count="0" type="stmt"/>
          <line num="41" count="0" type="stmt"/>
          <line num="47" count="2" type="stmt"/>
          <line num="48" count="2" type="stmt"/>
          <line num="49" count="2" type="stmt"/>
          <line num="57" count="1" type="stmt"/>
          <line num="58" count="1" type="stmt"/>
          <line num="72" count="5" type="stmt"/>
          <line num="78" count="31" type="stmt"/>
          <line num="79" count="31" type="cond" truecount="2" falsecount="0"/>
          <line num="80" count="9" type="stmt"/>
          <line num="81" count="9" type="stmt"/>
          <line num="83" count="31" type="stmt"/>
          <line num="89" count="0" type="stmt"/>
          <line num="90" count="0" type="stmt"/>
          <line num="97" count="1" type="stmt"/>
          <line num="98" count="1" type="stmt"/>
          <line num="99" count="1" type="stmt"/>
          <line num="108" count="35" type="stmt"/>
          <line num="117" count="4" type="stmt"/>
          <line num="125" count="4" type="stmt"/>
        </file>
      </package>
    </metrics>
  </project>
</coverage>
