{"C:\\Code\\Miniprojekti-Ohtu\\react-front\\src\\App.js": {"path":"C:\\Code\\Miniprojekti-Ohtu\\react-front\\src\\App.js","statementMap":{"0":{"start":{"line":9,"column":4},"end":{"line":9,"column":17}},"1":{"start":{"line":10,"column":4},"end":{"line":18,"column":5}},"2":{"start":{"line":19,"column":4},"end":{"line":19,"column":49}},"3":{"start":{"line":20,"column":4},"end":{"line":20,"column":45}},"4":{"start":{"line":21,"column":4},"end":{"line":21,"column":49}},"5":{"start":{"line":22,"column":4},"end":{"line":22,"column":51}},"6":{"start":{"line":26,"column":4},"end":{"line":26,"column":20}},"7":{"start":{"line":30,"column":4},"end":{"line":30,"column":20}},"8":{"start":{"line":31,"column":4},"end":{"line":33,"column":7}},"9":{"start":{"line":37,"column":4},"end":{"line":45,"column":11}},"10":{"start":{"line":38,"column":21},"end":{"line":38,"column":31}},"11":{"start":{"line":40,"column":12},"end":{"line":42,"column":14}},"12":{"start":{"line":44,"column":12},"end":{"line":44,"column":49}},"13":{"start":{"line":49,"column":19},"end":{"line":49,"column":68}},"14":{"start":{"line":49,"column":51},"end":{"line":49,"column":67}},"15":{"start":{"line":50,"column":4},"end":{"line":53,"column":7}},"16":{"start":{"line":57,"column":6},"end":{"line":59,"column":8}},"17":{"start":{"line":63,"column":4},"end":{"line":75,"column":6}}},"fnMap":{"0":{"name":"(anonymous_0)","decl":{"start":{"line":8,"column":2},"end":{"line":8,"column":3}},"loc":{"start":{"line":8,"column":21},"end":{"line":23,"column":3}},"line":8},"1":{"name":"(anonymous_1)","decl":{"start":{"line":25,"column":2},"end":{"line":25,"column":3}},"loc":{"start":{"line":25,"column":22},"end":{"line":27,"column":3}},"line":25},"2":{"name":"(anonymous_2)","decl":{"start":{"line":29,"column":2},"end":{"line":29,"column":3}},"loc":{"start":{"line":29,"column":22},"end":{"line":34,"column":3}},"line":29},"3":{"name":"(anonymous_3)","decl":{"start":{"line":36,"column":13},"end":{"line":36,"column":14}},"loc":{"start":{"line":36,"column":19},"end":{"line":46,"column":3}},"line":36},"4":{"name":"(anonymous_4)","decl":{"start":{"line":38,"column":14},"end":{"line":38,"column":15}},"loc":{"start":{"line":38,"column":21},"end":{"line":38,"column":31}},"line":38},"5":{"name":"(anonymous_5)","decl":{"start":{"line":39,"column":14},"end":{"line":39,"column":15}},"loc":{"start":{"line":39,"column":23},"end":{"line":43,"column":9}},"line":39},"6":{"name":"(anonymous_6)","decl":{"start":{"line":43,"column":17},"end":{"line":43,"column":18}},"loc":{"start":{"line":43,"column":28},"end":{"line":45,"column":9}},"line":43},"7":{"name":"(anonymous_7)","decl":{"start":{"line":48,"column":2},"end":{"line":48,"column":3}},"loc":{"start":{"line":48,"column":18},"end":{"line":54,"column":3}},"line":48},"8":{"name":"(anonymous_8)","decl":{"start":{"line":49,"column":43},"end":{"line":49,"column":44}},"loc":{"start":{"line":49,"column":51},"end":{"line":49,"column":67}},"line":49},"9":{"name":"(anonymous_9)","decl":{"start":{"line":56,"column":2},"end":{"line":56,"column":3}},"loc":{"start":{"line":56,"column":21},"end":{"line":60,"column":3}},"line":56},"10":{"name":"(anonymous_10)","decl":{"start":{"line":62,"column":2},"end":{"line":62,"column":3}},"loc":{"start":{"line":62,"column":11},"end":{"line":76,"column":3}},"line":62}},"branchMap":{},"s":{"0":2,"1":2,"2":2,"3":2,"4":2,"5":2,"6":2,"7":1,"8":1,"9":3,"10":0,"11":0,"12":2,"13":1,"14":0,"15":1,"16":1,"17":5},"f":{"0":2,"1":2,"2":1,"3":3,"4":0,"5":0,"6":2,"7":1,"8":0,"9":1,"10":5},"b":{},"_coverageSchema":"332fd63041d2c1bcb487cc26dd0d5f7d97098a6c","hash":"2ba4b28042262aafcc6b3580fa896041185d1e3e"}
,"C:\\Code\\Miniprojekti-Ohtu\\react-front\\src\\index.js": {"path":"C:\\Code\\Miniprojekti-Ohtu\\react-front\\src\\index.js","statementMap":{"0":{"start":{"line":1,"column":32},"end":{"line":1,"column":89}},"1":{"start":{"line":1,"column":103},"end":{"line":1,"column":119}},"2":{"start":{"line":1,"column":134},"end":{"line":1,"column":164}},"3":{"start":{"line":2,"column":16},"end":{"line":2,"column":36}},"4":{"start":{"line":2,"column":54},"end":{"line":2,"column":87}},"5":{"start":{"line":3,"column":11},"end":{"line":3,"column":27}},"6":{"start":{"line":3,"column":40},"end":{"line":3,"column":68}},"7":{"start":{"line":3,"column":107},"end":{"line":3,"column":161}},"8":{"start":{"line":5,"column":0},"end":{"line":5,"column":181}}},"fnMap":{"0":{"name":"_interopRequireDefault","decl":{"start":{"line":3,"column":78},"end":{"line":3,"column":100}},"loc":{"start":{"line":3,"column":106},"end":{"line":3,"column":162}},"line":3}},"branchMap":{"0":{"loc":{"start":{"line":3,"column":114},"end":{"line":3,"column":160}},"type":"cond-expr","locations":[{"start":{"line":3,"column":138},"end":{"line":3,"column":141}},{"start":{"line":3,"column":144},"end":{"line":3,"column":160}}],"line":3},"1":{"loc":{"start":{"line":3,"column":114},"end":{"line":3,"column":135}},"type":"binary-expr","locations":[{"start":{"line":3,"column":114},"end":{"line":3,"column":117}},{"start":{"line":3,"column":121},"end":{"line":3,"column":135}}],"line":3}},"s":{"0":0,"1":0,"2":0,"3":0,"4":0,"5":0,"6":0,"7":0,"8":0},"f":{"0":0},"b":{"0":[0,0],"1":[0,0]}}
,"C:\\Code\\Miniprojekti-Ohtu\\react-front\\src\\registerServiceWorker.js": {"path":"C:\\Code\\Miniprojekti-Ohtu\\react-front\\src\\registerServiceWorker.js","statementMap":{"0":{"start":{"line":1,"column":13},"end":{"line":1,"column":75}},"1":{"start":{"line":1,"column":75},"end":{"line":21,"column":9}},"2":{"start":{"line":21,"column":9},"end":{"line":102,"column":24}},"3":{"start":{"line":109,"column":20},"end":{"line":111,"column":89}},"4":{"start":{"line":111,"column":111},"end":{"line":117,"column":36}},"5":{"start":{"line":112,"column":22},"end":{"line":112,"column":70}},"6":{"start":{"line":112,"column":71},"end":{"line":115,"column":14}},"7":{"start":{"line":115,"column":6},"end":{"line":115,"column":13}},"8":{"start":{"line":115,"column":14},"end":{"line":117,"column":35}},"9":{"start":{"line":115,"column":67},"end":{"line":115,"column":112}},"10":{"start":{"line":115,"column":113},"end":{"line":117,"column":32}},"11":{"start":{"line":116,"column":8},"end":{"line":116,"column":39}},"12":{"start":{"line":117,"column":8},"end":{"line":117,"column":31}},"13":{"start":{"line":117,"column":70},"end":{"line":124,"column":156}},"14":{"start":{"line":117,"column":132},"end":{"line":124,"column":68}},"15":{"start":{"line":117,"column":193},"end":{"line":117,"column":216}},"16":{"start":{"line":117,"column":217},"end":{"line":124,"column":66}},"17":{"start":{"line":117,"column":257},"end":{"line":124,"column":64}},"18":{"start":{"line":117,"column":302},"end":{"line":124,"column":63}},"19":{"start":{"line":121,"column":12},"end":{"line":121,"column":69}},"20":{"start":{"line":124,"column":12},"end":{"line":124,"column":62}},"21":{"start":{"line":124,"column":87},"end":{"line":124,"column":153}},"22":{"start":{"line":125,"column":2},"end":{"line":128,"column":126}},"23":{"start":{"line":126,"column":4},"end":{"line":128,"column":30}},"24":{"start":{"line":127,"column":6},"end":{"line":127,"column":127}},"25":{"start":{"line":127,"column":58},"end":{"line":127,"column":124}},"26":{"start":{"line":127,"column":96},"end":{"line":127,"column":121}},"27":{"start":{"line":128,"column":6},"end":{"line":128,"column":29}},"28":{"start":{"line":128,"column":46},"end":{"line":128,"column":123}},"29":{"start":{"line":128,"column":150},"end":{"line":128,"column":267}},"30":{"start":{"line":128,"column":185},"end":{"line":128,"column":266}},"31":{"start":{"line":128,"column":237},"end":{"line":128,"column":263}}},"fnMap":{"0":{"name":"register","decl":{"start":{"line":111,"column":99},"end":{"line":111,"column":107}},"loc":{"start":{"line":111,"column":110},"end":{"line":117,"column":37}},"line":111},"1":{"name":"(anonymous_1)","decl":{"start":{"line":115,"column":46},"end":{"line":115,"column":47}},"loc":{"start":{"line":115,"column":52},"end":{"line":117,"column":33}},"line":115},"2":{"name":"registerValidSW","decl":{"start":{"line":117,"column":46},"end":{"line":117,"column":61}},"loc":{"start":{"line":117,"column":69},"end":{"line":124,"column":157}},"line":117},"3":{"name":"(anonymous_3)","decl":{"start":{"line":117,"column":115},"end":{"line":117,"column":116}},"loc":{"start":{"line":117,"column":131},"end":{"line":124,"column":69}},"line":117},"4":{"name":"(anonymous_4)","decl":{"start":{"line":117,"column":161},"end":{"line":117,"column":162}},"loc":{"start":{"line":117,"column":167},"end":{"line":124,"column":67}},"line":117},"5":{"name":"(anonymous_5)","decl":{"start":{"line":117,"column":250},"end":{"line":117,"column":251}},"loc":{"start":{"line":117,"column":256},"end":{"line":124,"column":65}},"line":117},"6":{"name":"(anonymous_6)","decl":{"start":{"line":124,"column":77},"end":{"line":124,"column":78}},"loc":{"start":{"line":124,"column":86},"end":{"line":124,"column":154}},"line":124},"7":{"name":"checkValidServiceWorker","decl":{"start":{"line":124,"column":166},"end":{"line":124,"column":189}},"loc":{"start":{"line":124,"column":197},"end":{"line":128,"column":127}},"line":124},"8":{"name":"(anonymous_8)","decl":{"start":{"line":125,"column":20},"end":{"line":125,"column":21}},"loc":{"start":{"line":125,"column":32},"end":{"line":128,"column":31}},"line":125},"9":{"name":"(anonymous_9)","decl":{"start":{"line":127,"column":41},"end":{"line":127,"column":42}},"loc":{"start":{"line":127,"column":57},"end":{"line":127,"column":125}},"line":127},"10":{"name":"(anonymous_10)","decl":{"start":{"line":127,"column":89},"end":{"line":127,"column":90}},"loc":{"start":{"line":127,"column":95},"end":{"line":127,"column":122}},"line":127},"11":{"name":"(anonymous_11)","decl":{"start":{"line":128,"column":39},"end":{"line":128,"column":40}},"loc":{"start":{"line":128,"column":45},"end":{"line":128,"column":124}},"line":128},"12":{"name":"unregister","decl":{"start":{"line":128,"column":136},"end":{"line":128,"column":146}},"loc":{"start":{"line":128,"column":149},"end":{"line":128,"column":268}},"line":128},"13":{"name":"(anonymous_13)","decl":{"start":{"line":128,"column":220},"end":{"line":128,"column":221}},"loc":{"start":{"line":128,"column":236},"end":{"line":128,"column":264}},"line":128}},"branchMap":{"0":{"loc":{"start":{"line":109,"column":28},"end":{"line":111,"column":88}},"type":"binary-expr","locations":[{"start":{"line":109,"column":28},"end":{"line":109,"column":68}},{"start":{"line":110,"column":0},"end":{"line":110,"column":36}},{"start":{"line":111,"column":0},"end":{"line":111,"column":88}}],"line":109},"1":{"loc":{"start":{"line":111,"column":111},"end":{"line":117,"column":36}},"type":"if","locations":[{"start":{"line":111,"column":111},"end":{"line":117,"column":36}},{"start":{"line":111,"column":111},"end":{"line":117,"column":36}}],"line":111},"2":{"loc":{"start":{"line":111,"column":115},"end":{"line":111,"column":184}},"type":"binary-expr","locations":[{"start":{"line":111,"column":115},"end":{"line":111,"column":152}},{"start":{"line":111,"column":156},"end":{"line":111,"column":184}}],"line":111},"3":{"loc":{"start":{"line":112,"column":71},"end":{"line":115,"column":14}},"type":"if","locations":[{"start":{"line":112,"column":71},"end":{"line":115,"column":14}},{"start":{"line":112,"column":71},"end":{"line":115,"column":14}}],"line":112},"4":{"loc":{"start":{"line":115,"column":113},"end":{"line":117,"column":32}},"type":"if","locations":[{"start":{"line":115,"column":113},"end":{"line":117,"column":32}},{"start":{"line":115,"column":113},"end":{"line":117,"column":32}}],"line":115},"5":{"loc":{"start":{"line":117,"column":257},"end":{"line":124,"column":64}},"type":"if","locations":[{"start":{"line":117,"column":257},"end":{"line":124,"column":64}},{"start":{"line":117,"column":257},"end":{"line":124,"column":64}}],"line":117},"6":{"loc":{"start":{"line":117,"column":302},"end":{"line":124,"column":63}},"type":"if","locations":[{"start":{"line":117,"column":302},"end":{"line":124,"column":63}},{"start":{"line":117,"column":302},"end":{"line":124,"column":63}}],"line":117},"7":{"loc":{"start":{"line":126,"column":4},"end":{"line":128,"column":30}},"type":"if","locations":[{"start":{"line":126,"column":4},"end":{"line":128,"column":30}},{"start":{"line":126,"column":4},"end":{"line":128,"column":30}}],"line":126},"8":{"loc":{"start":{"line":126,"column":8},"end":{"line":126,"column":100}},"type":"binary-expr","locations":[{"start":{"line":126,"column":8},"end":{"line":126,"column":31}},{"start":{"line":126,"column":35},"end":{"line":126,"column":100}}],"line":126},"9":{"loc":{"start":{"line":128,"column":150},"end":{"line":128,"column":267}},"type":"if","locations":[{"start":{"line":128,"column":150},"end":{"line":128,"column":267}},{"start":{"line":128,"column":150},"end":{"line":128,"column":267}}],"line":128}},"s":{"0":0,"1":0,"2":0,"3":0,"4":0,"5":0,"6":0,"7":0,"8":0,"9":0,"10":0,"11":0,"12":0,"13":0,"14":0,"15":0,"16":0,"17":0,"18":0,"19":0,"20":0,"21":0,"22":0,"23":0,"24":0,"25":0,"26":0,"27":0,"28":0,"29":0,"30":0,"31":0},"f":{"0":0,"1":0,"2":0,"3":0,"4":0,"5":0,"6":0,"7":0,"8":0,"9":0,"10":0,"11":0,"12":0,"13":0},"b":{"0":[0,0,0],"1":[0,0],"2":[0,0],"3":[0,0],"4":[0,0],"5":[0,0],"6":[0,0],"7":[0,0],"8":[0,0],"9":[0,0]}}
,"C:\\Code\\Miniprojekti-Ohtu\\react-front\\src\\components\\BookList.js": {"path":"C:\\Code\\Miniprojekti-Ohtu\\react-front\\src\\components\\BookList.js","statementMap":{"0":{"start":{"line":6,"column":13},"end":{"line":6,"column":46}},"1":{"start":{"line":7,"column":18},"end":{"line":7,"column":56}},"2":{"start":{"line":8,"column":16},"end":{"line":8,"column":52}},"3":{"start":{"line":12,"column":20},"end":{"line":14,"column":10}},"4":{"start":{"line":13,"column":12},"end":{"line":13,"column":58}},"5":{"start":{"line":15,"column":8},"end":{"line":26,"column":9}}},"fnMap":{"0":{"name":"(anonymous_0)","decl":{"start":{"line":11,"column":4},"end":{"line":11,"column":5}},"loc":{"start":{"line":11,"column":13},"end":{"line":27,"column":5}},"line":11},"1":{"name":"(anonymous_1)","decl":{"start":{"line":12,"column":44},"end":{"line":12,"column":45}},"loc":{"start":{"line":12,"column":54},"end":{"line":14,"column":9}},"line":12}},"branchMap":{},"s":{"0":2,"1":2,"2":2,"3":7,"4":2,"5":7},"f":{"0":7,"1":2},"b":{},"_coverageSchema":"332fd63041d2c1bcb487cc26dd0d5f7d97098a6c","hash":"bc60b5b3341556bc4818babde15095d2c66113be"}
,"C:\\Code\\Miniprojekti-Ohtu\\react-front\\src\\components\\NavigationBar.js": {"path":"C:\\Code\\Miniprojekti-Ohtu\\react-front\\src\\components\\NavigationBar.js","statementMap":{"0":{"start":{"line":3,"column":13},"end":{"line":3,"column":46}},"1":{"start":{"line":4,"column":13},"end":{"line":4,"column":46}},"2":{"start":{"line":5,"column":18},"end":{"line":5,"column":56}},"3":{"start":{"line":6,"column":16},"end":{"line":6,"column":52}},"4":{"start":{"line":7,"column":10},"end":{"line":7,"column":40}},"5":{"start":{"line":8,"column":14},"end":{"line":8,"column":48}},"6":{"start":{"line":10,"column":14},"end":{"line":15,"column":1}},"7":{"start":{"line":16,"column":15},"end":{"line":21,"column":1}},"8":{"start":{"line":25,"column":8},"end":{"line":40,"column":10}},"9":{"start":{"line":35,"column":74},"end":{"line":35,"column":102}},"10":{"start":{"line":36,"column":75},"end":{"line":36,"column":104}},"11":{"start":{"line":44,"column":15},"end":{"line":49,"column":1}}},"fnMap":{"0":{"name":"(anonymous_0)","decl":{"start":{"line":24,"column":4},"end":{"line":24,"column":5}},"loc":{"start":{"line":24,"column":13},"end":{"line":41,"column":5}},"line":24},"1":{"name":"(anonymous_1)","decl":{"start":{"line":35,"column":68},"end":{"line":35,"column":69}},"loc":{"start":{"line":35,"column":74},"end":{"line":35,"column":102}},"line":35},"2":{"name":"(anonymous_2)","decl":{"start":{"line":36,"column":69},"end":{"line":36,"column":70}},"loc":{"start":{"line":36,"column":75},"end":{"line":36,"column":104}},"line":36}},"branchMap":{},"s":{"0":2,"1":2,"2":2,"3":2,"4":2,"5":2,"6":2,"7":2,"8":7,"9":0,"10":0,"11":2},"f":{"0":7,"1":0,"2":0},"b":{},"_coverageSchema":"332fd63041d2c1bcb487cc26dd0d5f7d97098a6c","hash":"32f1be2c0f6f3e6a4d5ed09c6c5c61a6329f9f9c"}
,"C:\\Code\\Miniprojekti-Ohtu\\react-front\\src\\components\\Search.js": {"path":"C:\\Code\\Miniprojekti-Ohtu\\react-front\\src\\components\\Search.js","statementMap":{"0":{"start":{"line":5,"column":13},"end":{"line":5,"column":46}},"1":{"start":{"line":6,"column":18},"end":{"line":6,"column":56}},"2":{"start":{"line":7,"column":16},"end":{"line":7,"column":52}},"3":{"start":{"line":9,"column":12},"end":{"line":9,"column":13}},"4":{"start":{"line":13,"column":8},"end":{"line":13,"column":21}},"5":{"start":{"line":14,"column":8},"end":{"line":16,"column":10}},"6":{"start":{"line":20,"column":8},"end":{"line":20,"column":18}},"7":{"start":{"line":24,"column":8},"end":{"line":24,"column":50}},"8":{"start":{"line":29,"column":8},"end":{"line":38,"column":9}},"9":{"start":{"line":30,"column":12},"end":{"line":32,"column":13}},"10":{"start":{"line":31,"column":16},"end":{"line":31,"column":79}},"11":{"start":{"line":33,"column":12},"end":{"line":33,"column":20}},"12":{"start":{"line":35,"column":12},"end":{"line":37,"column":13}},"13":{"start":{"line":36,"column":16},"end":{"line":36,"column":79}},"14":{"start":{"line":40,"column":8},"end":{"line":55,"column":9}},"15":{"start":{"line":44,"column":36},"end":{"line":47,"column":26}},"16":{"start":{"line":45,"column":28},"end":{"line":46,"column":111}},"17":{"start":{"line":48,"column":24},"end":{"line":48,"column":59}}},"fnMap":{"0":{"name":"(anonymous_0)","decl":{"start":{"line":12,"column":4},"end":{"line":12,"column":5}},"loc":{"start":{"line":12,"column":23},"end":{"line":17,"column":5}},"line":12},"1":{"name":"(anonymous_1)","decl":{"start":{"line":19,"column":4},"end":{"line":19,"column":5}},"loc":{"start":{"line":19,"column":25},"end":{"line":21,"column":5}},"line":19},"2":{"name":"(anonymous_2)","decl":{"start":{"line":23,"column":4},"end":{"line":23,"column":5}},"loc":{"start":{"line":23,"column":41},"end":{"line":25,"column":5}},"line":23},"3":{"name":"(anonymous_3)","decl":{"start":{"line":27,"column":4},"end":{"line":27,"column":5}},"loc":{"start":{"line":27,"column":13},"end":{"line":56,"column":5}},"line":27},"4":{"name":"(anonymous_4)","decl":{"start":{"line":30,"column":49},"end":{"line":30,"column":50}},"loc":{"start":{"line":31,"column":16},"end":{"line":31,"column":79}},"line":31},"5":{"name":"(anonymous_5)","decl":{"start":{"line":35,"column":52},"end":{"line":35,"column":53}},"loc":{"start":{"line":36,"column":16},"end":{"line":36,"column":79}},"line":36},"6":{"name":"(anonymous_6)","decl":{"start":{"line":43,"column":43},"end":{"line":43,"column":44}},"loc":{"start":{"line":43,"column":50},"end":{"line":49,"column":21}},"line":43},"7":{"name":"(anonymous_7)","decl":{"start":{"line":44,"column":60},"end":{"line":44,"column":61}},"loc":{"start":{"line":44,"column":70},"end":{"line":47,"column":25}},"line":44}},"branchMap":{"0":{"loc":{"start":{"line":29,"column":8},"end":{"line":38,"column":9}},"type":"if","locations":[{"start":{"line":29,"column":8},"end":{"line":38,"column":9}},{"start":{"line":29,"column":8},"end":{"line":38,"column":9}}],"line":29},"1":{"loc":{"start":{"line":45,"column":36},"end":{"line":46,"column":109}},"type":"binary-expr","locations":[{"start":{"line":45,"column":36},"end":{"line":45,"column":107}},{"start":{"line":46,"column":39},"end":{"line":46,"column":109}}],"line":45}},"s":{"0":3,"1":3,"2":3,"3":3,"4":5,"5":5,"6":5,"7":3,"8":8,"9":6,"10":1,"11":6,"12":2,"13":0,"14":8,"15":0,"16":0,"17":0},"f":{"0":5,"1":5,"2":3,"3":8,"4":1,"5":0,"6":0,"7":0},"b":{"0":[6,2],"1":[0,0]},"_coverageSchema":"332fd63041d2c1bcb487cc26dd0d5f7d97098a6c","hash":"fb014bc3188cf94a3f65c23e359c744b12940274"}
,"C:\\Code\\Miniprojekti-Ohtu\\react-front\\src\\components\\SubmitForm.js": {"path":"C:\\Code\\Miniprojekti-Ohtu\\react-front\\src\\components\\SubmitForm.js","statementMap":{"0":{"start":{"line":4,"column":13},"end":{"line":4,"column":46}},"1":{"start":{"line":5,"column":16},"end":{"line":5,"column":52}},"2":{"start":{"line":6,"column":18},"end":{"line":6,"column":56}},"3":{"start":{"line":7,"column":19},"end":{"line":7,"column":58}},"4":{"start":{"line":11,"column":8},"end":{"line":11,"column":21}},"5":{"start":{"line":12,"column":8},"end":{"line":15,"column":9}},"6":{"start":{"line":16,"column":8},"end":{"line":16,"column":49}},"7":{"start":{"line":20,"column":8},"end":{"line":23,"column":11}},"8":{"start":{"line":24,"column":8},"end":{"line":34,"column":53}},"9":{"start":{"line":34,"column":12},"end":{"line":34,"column":50}},"10":{"start":{"line":38,"column":24},"end":{"line":38,"column":176}},"11":{"start":{"line":39,"column":8},"end":{"line":49,"column":10}},"12":{"start":{"line":43,"column":62},"end":{"line":43,"column":103}},"13":{"start":{"line":45,"column":62},"end":{"line":45,"column":102}},"14":{"start":{"line":47,"column":61},"end":{"line":47,"column":76}}},"fnMap":{"0":{"name":"(anonymous_0)","decl":{"start":{"line":10,"column":4},"end":{"line":10,"column":5}},"loc":{"start":{"line":10,"column":23},"end":{"line":17,"column":5}},"line":10},"1":{"name":"(anonymous_1)","decl":{"start":{"line":19,"column":4},"end":{"line":19,"column":5}},"loc":{"start":{"line":19,"column":15},"end":{"line":35,"column":5}},"line":19},"2":{"name":"(anonymous_2)","decl":{"start":{"line":33,"column":15},"end":{"line":33,"column":16}},"loc":{"start":{"line":33,"column":26},"end":{"line":34,"column":51}},"line":33},"3":{"name":"(anonymous_3)","decl":{"start":{"line":37,"column":4},"end":{"line":37,"column":5}},"loc":{"start":{"line":37,"column":13},"end":{"line":50,"column":5}},"line":37},"4":{"name":"(anonymous_4)","decl":{"start":{"line":43,"column":55},"end":{"line":43,"column":56}},"loc":{"start":{"line":43,"column":62},"end":{"line":43,"column":103}},"line":43},"5":{"name":"(anonymous_5)","decl":{"start":{"line":45,"column":55},"end":{"line":45,"column":56}},"loc":{"start":{"line":45,"column":62},"end":{"line":45,"column":102}},"line":45},"6":{"name":"(anonymous_6)","decl":{"start":{"line":47,"column":55},"end":{"line":47,"column":56}},"loc":{"start":{"line":47,"column":61},"end":{"line":47,"column":76}},"line":47}},"branchMap":{"0":{"loc":{"start":{"line":38,"column":24},"end":{"line":38,"column":176}},"type":"binary-expr","locations":[{"start":{"line":38,"column":24},"end":{"line":38,"column":59}},{"start":{"line":38,"column":63},"end":{"line":38,"column":97}},{"start":{"line":38,"column":101},"end":{"line":38,"column":137}},{"start":{"line":38,"column":141},"end":{"line":38,"column":176}}],"line":38}},"s":{"0":4,"1":4,"2":4,"3":4,"4":7,"5":7,"6":7,"7":2,"8":2,"9":1,"10":12,"11":12,"12":0,"13":0,"14":1},"f":{"0":7,"1":2,"2":1,"3":12,"4":0,"5":0,"6":1},"b":{"0":[12,0,0,0]},"_coverageSchema":"332fd63041d2c1bcb487cc26dd0d5f7d97098a6c","hash":"909e1ac42a97970c46a14c0ff6597b27e34016c5"}
,"C:\\Code\\Miniprojekti-Ohtu\\react-front\\src\\components\\Tip.js": {"path":"C:\\Code\\Miniprojekti-Ohtu\\react-front\\src\\components\\Tip.js","statementMap":{"0":{"start":{"line":7,"column":8},"end":{"line":7,"column":21}},"1":{"start":{"line":8,"column":8},"end":{"line":13,"column":9}},"2":{"start":{"line":15,"column":8},"end":{"line":15,"column":53}},"3":{"start":{"line":16,"column":8},"end":{"line":16,"column":45}},"4":{"start":{"line":20,"column":16},"end":{"line":20,"column":31}},"5":{"start":{"line":21,"column":8},"end":{"line":24,"column":11}},"6":{"start":{"line":26,"column":8},"end":{"line":26,"column":53}},"7":{"start":{"line":27,"column":8},"end":{"line":27,"column":59}},"8":{"start":{"line":28,"column":8},"end":{"line":28,"column":45}},"9":{"start":{"line":32,"column":8},"end":{"line":43,"column":10}},"10":{"start":{"line":35,"column":37},"end":{"line":35,"column":78}},"11":{"start":{"line":39,"column":37},"end":{"line":39,"column":77}},"12":{"start":{"line":41,"column":61},"end":{"line":41,"column":74}},"13":{"start":{"line":47,"column":8},"end":{"line":47,"column":29}},"14":{"start":{"line":48,"column":8},"end":{"line":48,"column":50}},"15":{"start":{"line":49,"column":8},"end":{"line":53,"column":11}},"16":{"start":{"line":57,"column":8},"end":{"line":57,"column":29}},"17":{"start":{"line":58,"column":8},"end":{"line":68,"column":11}},"18":{"start":{"line":72,"column":8},"end":{"line":74,"column":11}},"19":{"start":{"line":78,"column":30},"end":{"line":78,"column":40}},"20":{"start":{"line":79,"column":8},"end":{"line":82,"column":9}},"21":{"start":{"line":80,"column":24},"end":{"line":80,"column":58}},"22":{"start":{"line":81,"column":26},"end":{"line":81,"column":34}},"23":{"start":{"line":83,"column":8},"end":{"line":104,"column":9}},"24":{"start":{"line":89,"column":39},"end":{"line":89,"column":59}},"25":{"start":{"line":90,"column":67},"end":{"line":90,"column":80}},"26":{"start":{"line":97,"column":39},"end":{"line":97,"column":59}},"27":{"start":{"line":98,"column":67},"end":{"line":98,"column":80}},"28":{"start":{"line":99,"column":70},"end":{"line":99,"column":121}},"29":{"start":{"line":108,"column":8},"end":{"line":113,"column":9}},"30":{"start":{"line":117,"column":15},"end":{"line":137,"column":1}}},"fnMap":{"0":{"name":"(anonymous_0)","decl":{"start":{"line":6,"column":4},"end":{"line":6,"column":5}},"loc":{"start":{"line":6,"column":23},"end":{"line":17,"column":5}},"line":6},"1":{"name":"(anonymous_1)","decl":{"start":{"line":19,"column":4},"end":{"line":19,"column":5}},"loc":{"start":{"line":19,"column":24},"end":{"line":29,"column":5}},"line":19},"2":{"name":"(anonymous_2)","decl":{"start":{"line":31,"column":4},"end":{"line":31,"column":5}},"loc":{"start":{"line":31,"column":17},"end":{"line":44,"column":5}},"line":31},"3":{"name":"(anonymous_3)","decl":{"start":{"line":35,"column":30},"end":{"line":35,"column":31}},"loc":{"start":{"line":35,"column":37},"end":{"line":35,"column":78}},"line":35},"4":{"name":"(anonymous_4)","decl":{"start":{"line":39,"column":30},"end":{"line":39,"column":31}},"loc":{"start":{"line":39,"column":37},"end":{"line":39,"column":77}},"line":39},"5":{"name":"(anonymous_5)","decl":{"start":{"line":41,"column":55},"end":{"line":41,"column":56}},"loc":{"start":{"line":41,"column":61},"end":{"line":41,"column":74}},"line":41},"6":{"name":"(anonymous_6)","decl":{"start":{"line":46,"column":4},"end":{"line":46,"column":5}},"loc":{"start":{"line":46,"column":13},"end":{"line":54,"column":5}},"line":46},"7":{"name":"(anonymous_7)","decl":{"start":{"line":56,"column":4},"end":{"line":56,"column":5}},"loc":{"start":{"line":56,"column":13},"end":{"line":69,"column":5}},"line":56},"8":{"name":"(anonymous_8)","decl":{"start":{"line":71,"column":4},"end":{"line":71,"column":5}},"loc":{"start":{"line":71,"column":20},"end":{"line":75,"column":5}},"line":71},"9":{"name":"(anonymous_9)","decl":{"start":{"line":77,"column":4},"end":{"line":77,"column":5}},"loc":{"start":{"line":77,"column":16},"end":{"line":105,"column":5}},"line":77},"10":{"name":"(anonymous_10)","decl":{"start":{"line":89,"column":33},"end":{"line":89,"column":34}},"loc":{"start":{"line":89,"column":39},"end":{"line":89,"column":59}},"line":89},"11":{"name":"(anonymous_11)","decl":{"start":{"line":90,"column":61},"end":{"line":90,"column":62}},"loc":{"start":{"line":90,"column":67},"end":{"line":90,"column":80}},"line":90},"12":{"name":"(anonymous_12)","decl":{"start":{"line":97,"column":33},"end":{"line":97,"column":34}},"loc":{"start":{"line":97,"column":39},"end":{"line":97,"column":59}},"line":97},"13":{"name":"(anonymous_13)","decl":{"start":{"line":98,"column":61},"end":{"line":98,"column":62}},"loc":{"start":{"line":98,"column":67},"end":{"line":98,"column":80}},"line":98},"14":{"name":"(anonymous_14)","decl":{"start":{"line":99,"column":64},"end":{"line":99,"column":65}},"loc":{"start":{"line":99,"column":70},"end":{"line":99,"column":121}},"line":99},"15":{"name":"(anonymous_15)","decl":{"start":{"line":107,"column":4},"end":{"line":107,"column":5}},"loc":{"start":{"line":107,"column":13},"end":{"line":114,"column":5}},"line":107}},"branchMap":{"0":{"loc":{"start":{"line":79,"column":8},"end":{"line":82,"column":9}},"type":"if","locations":[{"start":{"line":79,"column":8},"end":{"line":82,"column":9}},{"start":{"line":79,"column":8},"end":{"line":82,"column":9}}],"line":79},"1":{"loc":{"start":{"line":86,"column":20},"end":{"line":91,"column":26}},"type":"binary-expr","locations":[{"start":{"line":86,"column":21},"end":{"line":86,"column":53}},{"start":{"line":87,"column":20},"end":{"line":91,"column":26}}],"line":86},"2":{"loc":{"start":{"line":94,"column":20},"end":{"line":101,"column":26}},"type":"binary-expr","locations":[{"start":{"line":94,"column":21},"end":{"line":94,"column":54}},{"start":{"line":95,"column":20},"end":{"line":101,"column":26}}],"line":94},"3":{"loc":{"start":{"line":100,"column":25},"end":{"line":100,"column":93}},"type":"cond-expr","locations":[{"start":{"line":100,"column":48},"end":{"line":100,"column":77}},{"start":{"line":100,"column":80},"end":{"line":100,"column":93}}],"line":100},"4":{"loc":{"start":{"line":110,"column":17},"end":{"line":110,"column":56}},"type":"binary-expr","locations":[{"start":{"line":110,"column":17},"end":{"line":110,"column":35}},{"start":{"line":110,"column":39},"end":{"line":110,"column":56}}],"line":110},"5":{"loc":{"start":{"line":111,"column":17},"end":{"line":111,"column":56}},"type":"binary-expr","locations":[{"start":{"line":111,"column":17},"end":{"line":111,"column":36}},{"start":{"line":111,"column":40},"end":{"line":111,"column":56}}],"line":111}},"s":{"0":11,"1":11,"2":11,"3":11,"4":11,"5":11,"6":11,"7":11,"8":11,"9":2,"10":0,"11":0,"12":0,"13":1,"14":1,"15":1,"16":1,"17":1,"18":3,"19":24,"20":24,"21":2,"22":2,"23":24,"24":0,"25":0,"26":0,"27":0,"28":0,"29":26,"30":4},"f":{"0":11,"1":11,"2":2,"3":0,"4":0,"5":0,"6":1,"7":1,"8":3,"9":24,"10":0,"11":0,"12":0,"13":0,"14":0,"15":26},"b":{"0":[2,22],"1":[24,2],"2":[24,2],"3":[0,2],"4":[26,2],"5":[26,24]},"_coverageSchema":"332fd63041d2c1bcb487cc26dd0d5f7d97098a6c","hash":"fb5e9cf95e60a7e8d07efa429e3fabfb90f5fb88"}
}
