TN:
SF:C:\Code\Miniprojekti-Ohtu\react-front\src\App.js
FN:7,(anonymous_0)
FN:11,(anonymous_1)
FNF:2
FNH:2
FNDA:1,(anonymous_0)
FNDA:1,(anonymous_1)
DA:8,1
DA:12,1
LF:2
LH:2
BRF:0
BRH:0
end_of_record
TN:
SF:C:\Code\Miniprojekti-Ohtu\react-front\src\index.js
FN:3,_interopRequireDefault
FNF:1
FNH:0
FNDA:0,_interopRequireDefault
DA:1,0
DA:2,0
DA:3,0
DA:5,0
LF:4
LH:0
BRDA:3,0,0,0
BRDA:3,0,1,0
BRDA:3,1,0,0
BRDA:3,1,1,0
BRF:4
BRH:0
end_of_record
TN:
SF:C:\Code\Miniprojekti-Ohtu\react-front\src\registerServiceWorker.js
FN:111,register
FN:115,(anonymous_1)
FN:117,registerValidSW
FN:117,(anonymous_3)
FN:117,(anonymous_4)
FN:117,(anonymous_5)
FN:124,(anonymous_6)
FN:124,checkValidServiceWorker
FN:125,(anonymous_8)
FN:127,(anonymous_9)
FN:127,(anonymous_10)
FN:128,(anonymous_11)
FN:128,unregister
FN:128,(anonymous_13)
FNF:14
FNH:0
FNDA:0,register
FNDA:0,(anonymous_1)
FNDA:0,registerValidSW
FNDA:0,(anonymous_3)
FNDA:0,(anonymous_4)
FNDA:0,(anonymous_5)
FNDA:0,(anonymous_6)
FNDA:0,checkValidServiceWorker
FNDA:0,(anonymous_8)
FNDA:0,(anonymous_9)
FNDA:0,(anonymous_10)
FNDA:0,(anonymous_11)
FNDA:0,unregister
FNDA:0,(anonymous_13)
DA:1,0
DA:21,0
DA:109,0
DA:111,0
DA:112,0
DA:115,0
DA:116,0
DA:117,0
DA:121,0
DA:124,0
DA:125,0
DA:126,0
DA:127,0
DA:128,0
LF:14
LH:0
BRDA:109,0,0,0
BRDA:109,0,1,0
BRDA:109,0,2,0
BRDA:111,1,0,0
BRDA:111,1,1,0
BRDA:111,2,0,0
BRDA:111,2,1,0
BRDA:112,3,0,0
BRDA:112,3,1,0
BRDA:115,4,0,0
BRDA:115,4,1,0
BRDA:117,5,0,0
BRDA:117,5,1,0
BRDA:117,6,0,0
BRDA:117,6,1,0
BRDA:126,7,0,0
BRDA:126,7,1,0
BRDA:126,8,0,0
BRDA:126,8,1,0
BRDA:128,9,0,0
BRDA:128,9,1,0
BRF:21
BRH:0
end_of_record
TN:
SF:C:\Code\Miniprojekti-Ohtu\react-front\src\components\BookList.js
FN:10,(anonymous_0)
FN:20,(anonymous_1)
FN:24,(anonymous_2)
FN:26,(anonymous_3)
FN:27,(anonymous_4)
FN:31,(anonymous_5)
FN:36,(anonymous_6)
FN:37,(anonymous_7)
FN:44,(anonymous_8)
FN:45,(anonymous_9)
FN:59,(anonymous_10)
FN:60,(anonymous_11)
FNF:12
FNH:9
FNDA:6,(anonymous_0)
FNDA:5,(anonymous_1)
FNDA:6,(anonymous_2)
FNDA:0,(anonymous_3)
FNDA:0,(anonymous_4)
FNDA:4,(anonymous_5)
FNDA:1,(anonymous_6)
FNDA:2,(anonymous_7)
FNDA:9,(anonymous_8)
FNDA:1,(anonymous_9)
FNDA:1,(anonymous_10)
FNDA:0,(anonymous_11)
DA:5,2
DA:6,2
DA:7,2
DA:11,6
DA:12,6
DA:16,6
DA:17,6
DA:21,5
DA:25,6
DA:26,0
DA:28,0
DA:32,4
DA:37,2
DA:38,1
DA:45,9
DA:46,1
DA:49,9
DA:60,1
DA:61,0
DA:63,1
LF:20
LH:17
BRDA:61,0,0,0
BRDA:61,0,1,0
BRF:2
BRH:0
end_of_record
TN:
SF:C:\Code\Miniprojekti-Ohtu\react-front\src\components\NavigationBar.js
FN:11,(anonymous_0)
FNF:1
FNH:1
FNDA:3,(anonymous_0)
DA:5,2
DA:6,2
DA:7,2
DA:8,2
DA:12,3
LF:5
LH:5
BRF:0
BRH:0
end_of_record
TN:
SF:C:\Code\Miniprojekti-Ohtu\react-front\src\components\SubmitForm.js
FN:11,(anonymous_0)
FN:20,(anonymous_1)
FN:32,(anonymous_2)
FN:37,(anonymous_3)
FN:42,(anonymous_4)
FN:44,(anonymous_5)
FN:46,(anonymous_6)
FNF:7
FNH:5
FNDA:6,(anonymous_0)
FNDA:2,(anonymous_1)
FNDA:1,(anonymous_2)
FNDA:8,(anonymous_3)
FNDA:0,(anonymous_4)
FNDA:0,(anonymous_5)
FNDA:1,(anonymous_6)
DA:5,3
DA:6,3
DA:7,3
DA:8,3
DA:12,6
DA:13,6
DA:17,6
DA:21,2
DA:25,2
DA:33,1
DA:38,8
DA:42,0
DA:44,0
DA:46,1
LF:14
LH:12
BRF:0
BRH:0
end_of_record
TN:
SF:C:\Code\Miniprojekti-Ohtu\react-front\src\components\Tip.js
FN:5,(anonymous_0)
FN:17,(anonymous_1)
FN:29,(anonymous_2)
FN:33,(anonymous_3)
FN:37,(anonymous_4)
FN:39,(anonymous_5)
FN:40,(anonymous_6)
FN:45,(anonymous_7)
FN:55,(anonymous_8)
FN:69,(anonymous_9)
FN:75,(anonymous_10)
FN:81,(anonymous_11)
FNF:12
FNH:8
FNDA:9,(anonymous_0)
FNDA:9,(anonymous_1)
FNDA:3,(anonymous_2)
FNDA:0,(anonymous_3)
FNDA:0,(anonymous_4)
FNDA:0,(anonymous_5)
FNDA:0,(anonymous_6)
FNDA:1,(anonymous_7)
FNDA:1,(anonymous_8)
FNDA:4,(anonymous_9)
FNDA:23,(anonymous_10)
FNDA:1,(anonymous_11)
DA:6,9
DA:7,9
DA:13,9
DA:14,9
DA:18,9
DA:19,9
DA:24,9
DA:25,9
DA:26,9
DA:30,3
DA:33,0
DA:37,0
DA:39,0
DA:40,0
DA:46,1
DA:47,1
DA:48,1
DA:56,1
DA:57,1
DA:70,4
DA:76,23
DA:77,23
DA:81,1
DA:87,3
LF:24
LH:20
BRDA:79,0,0,23
BRDA:79,0,1,3
BRDA:80,1,0,23
BRDA:80,1,1,20
BRF:4
BRH:4
end_of_record
TN:
SF:C:\Code\Miniprojekti-Ohtu\react-front\src\components\formfields\Field.js
FN:7,(anonymous_0)
FN:20,(anonymous_1)
FN:26,(anonymous_2)
FNF:3
FNH:0
FNDA:0,(anonymous_0)
FNDA:0,(anonymous_1)
FNDA:0,(anonymous_2)
DA:3,3
DA:4,3
DA:8,0
DA:10,0
DA:17,0
DA:21,0
DA:22,0
DA:27,0
LF:8
LH:2
BRF:0
BRH:0
end_of_record
