TN:
SF:C:\Code\Miniprojekti-Ohtu\react-front\src\App.js
FN:8,(anonymous_0)
FN:25,(anonymous_1)
FN:29,(anonymous_2)
FN:36,(anonymous_3)
FN:38,(anonymous_4)
FN:39,(anonymous_5)
FN:43,(anonymous_6)
FN:48,(anonymous_7)
FN:49,(anonymous_8)
FN:56,(anonymous_9)
FN:62,(anonymous_10)
FNF:11
FNH:5
FNDA:1,(anonymous_0)
FNDA:1,(anonymous_1)
FNDA:0,(anonymous_2)
FNDA:1,(anonymous_3)
FNDA:0,(anonymous_4)
FNDA:0,(anonymous_5)
FNDA:1,(anonymous_6)
FNDA:0,(anonymous_7)
FNDA:0,(anonymous_8)
FNDA:0,(anonymous_9)
FNDA:1,(anonymous_10)
DA:9,1
DA:10,1
DA:19,1
DA:20,1
DA:21,1
DA:22,1
DA:26,1
DA:30,0
DA:31,0
DA:37,1
DA:38,0
DA:40,0
DA:44,1
DA:49,0
DA:50,0
DA:57,0
DA:63,1
LF:17
LH:10
BRF:0
BRH:0
end_of_record
TN:
SF:C:\Code\Miniprojekti-Ohtu\react-front\src\index.js
FN:3,_interopRequireDefault
FNF:1
FNH:0
FNDA:0,_interopRequireDefault
DA:1,0
DA:2,0
DA:3,0
DA:5,0
LF:4
LH:0
BRDA:3,0,0,0
BRDA:3,0,1,0
BRDA:3,1,0,0
BRDA:3,1,1,0
BRF:4
BRH:0
end_of_record
TN:
SF:C:\Code\Miniprojekti-Ohtu\react-front\src\registerServiceWorker.js
FN:111,register
FN:115,(anonymous_1)
FN:117,registerValidSW
FN:117,(anonymous_3)
FN:117,(anonymous_4)
FN:117,(anonymous_5)
FN:124,(anonymous_6)
FN:124,checkValidServiceWorker
FN:125,(anonymous_8)
FN:127,(anonymous_9)
FN:127,(anonymous_10)
FN:128,(anonymous_11)
FN:128,unregister
FN:128,(anonymous_13)
FNF:14
FNH:0
FNDA:0,register
FNDA:0,(anonymous_1)
FNDA:0,registerValidSW
FNDA:0,(anonymous_3)
FNDA:0,(anonymous_4)
FNDA:0,(anonymous_5)
FNDA:0,(anonymous_6)
FNDA:0,checkValidServiceWorker
FNDA:0,(anonymous_8)
FNDA:0,(anonymous_9)
FNDA:0,(anonymous_10)
FNDA:0,(anonymous_11)
FNDA:0,unregister
FNDA:0,(anonymous_13)
DA:1,0
DA:21,0
DA:109,0
DA:111,0
DA:112,0
DA:115,0
DA:116,0
DA:117,0
DA:121,0
DA:124,0
DA:125,0
DA:126,0
DA:127,0
DA:128,0
LF:14
LH:0
BRDA:109,0,0,0
BRDA:109,0,1,0
BRDA:109,0,2,0
BRDA:111,1,0,0
BRDA:111,1,1,0
BRDA:111,2,0,0
BRDA:111,2,1,0
BRDA:112,3,0,0
BRDA:112,3,1,0
BRDA:115,4,0,0
BRDA:115,4,1,0
BRDA:117,5,0,0
BRDA:117,5,1,0
BRDA:117,6,0,0
BRDA:117,6,1,0
BRDA:126,7,0,0
BRDA:126,7,1,0
BRDA:126,8,0,0
BRDA:126,8,1,0
BRDA:128,9,0,0
BRDA:128,9,1,0
BRF:21
BRH:0
end_of_record
TN:
SF:C:\Code\Miniprojekti-Ohtu\react-front\src\components\BookList.js
FN:11,(anonymous_0)
FN:12,(anonymous_1)
FNF:2
FNH:2
FNDA:3,(anonymous_0)
FNDA:2,(anonymous_1)
DA:6,2
DA:7,2
DA:8,2
DA:12,3
DA:13,2
DA:15,3
LF:6
LH:6
BRF:0
BRH:0
end_of_record
TN:
SF:C:\Code\Miniprojekti-Ohtu\react-front\src\components\NavigationBar.js
FN:24,(anonymous_0)
FN:35,(anonymous_1)
FN:36,(anonymous_2)
FNF:3
FNH:1
FNDA:3,(anonymous_0)
FNDA:0,(anonymous_1)
FNDA:0,(anonymous_2)
DA:3,2
DA:4,2
DA:5,2
DA:6,2
DA:7,2
DA:8,2
DA:10,2
DA:16,2
DA:25,3
DA:35,0
DA:36,0
DA:44,2
LF:12
LH:10
BRF:0
BRH:0
end_of_record
TN:
SF:C:\Code\Miniprojekti-Ohtu\react-front\src\components\Search.js
FN:12,(anonymous_0)
FN:19,(anonymous_1)
FN:23,(anonymous_2)
FN:27,(anonymous_3)
FN:30,(anonymous_4)
FN:35,(anonymous_5)
FN:43,(anonymous_6)
FN:44,(anonymous_7)
FNF:8
FNH:4
FNDA:4,(anonymous_0)
FNDA:4,(anonymous_1)
FNDA:0,(anonymous_2)
FNDA:4,(anonymous_3)
FNDA:1,(anonymous_4)
FNDA:0,(anonymous_5)
FNDA:0,(anonymous_6)
FNDA:0,(anonymous_7)
DA:5,3
DA:6,3
DA:7,3
DA:9,3
DA:13,4
DA:14,4
DA:20,4
DA:24,0
DA:29,4
DA:30,4
DA:31,1
DA:33,4
DA:35,0
DA:36,0
DA:40,4
DA:44,0
DA:45,0
DA:48,0
LF:18
LH:12
BRDA:29,0,0,4
BRDA:29,0,1,0
BRDA:45,1,0,0
BRDA:45,1,1,0
BRF:4
BRH:1
end_of_record
TN:
SF:C:\Code\Miniprojekti-Ohtu\react-front\src\components\SubmitForm.js
FN:10,(anonymous_0)
FN:19,(anonymous_1)
FN:33,(anonymous_2)
FN:37,(anonymous_3)
FN:43,(anonymous_4)
FN:45,(anonymous_5)
FN:47,(anonymous_6)
FNF:7
FNH:5
FNDA:6,(anonymous_0)
FNDA:2,(anonymous_1)
FNDA:1,(anonymous_2)
FNDA:8,(anonymous_3)
FNDA:0,(anonymous_4)
FNDA:0,(anonymous_5)
FNDA:1,(anonymous_6)
DA:4,4
DA:5,4
DA:6,4
DA:7,4
DA:11,6
DA:12,6
DA:16,6
DA:20,2
DA:24,2
DA:34,1
DA:38,8
DA:39,8
DA:43,0
DA:45,0
DA:47,1
LF:15
LH:13
BRDA:38,0,0,8
BRDA:38,0,1,0
BRDA:38,0,2,0
BRDA:38,0,3,0
BRF:4
BRH:1
end_of_record
TN:
SF:C:\Code\Miniprojekti-Ohtu\react-front\src\components\Tip.js
FN:6,(anonymous_0)
FN:19,(anonymous_1)
FN:31,(anonymous_2)
FN:35,(anonymous_3)
FN:39,(anonymous_4)
FN:41,(anonymous_5)
FN:46,(anonymous_6)
FN:56,(anonymous_7)
FN:71,(anonymous_8)
FN:77,(anonymous_9)
FN:89,(anonymous_10)
FN:90,(anonymous_11)
FN:97,(anonymous_12)
FN:98,(anonymous_13)
FN:99,(anonymous_14)
FN:107,(anonymous_15)
FNF:16
FNH:8
FNDA:11,(anonymous_0)
FNDA:11,(anonymous_1)
FNDA:2,(anonymous_2)
FNDA:0,(anonymous_3)
FNDA:0,(anonymous_4)
FNDA:0,(anonymous_5)
FNDA:1,(anonymous_6)
FNDA:1,(anonymous_7)
FNDA:3,(anonymous_8)
FNDA:24,(anonymous_9)
FNDA:0,(anonymous_10)
FNDA:0,(anonymous_11)
FNDA:0,(anonymous_12)
FNDA:0,(anonymous_13)
FNDA:0,(anonymous_14)
FNDA:26,(anonymous_15)
DA:7,11
DA:8,11
DA:15,11
DA:16,11
DA:20,11
DA:21,11
DA:26,11
DA:27,11
DA:28,11
DA:32,2
DA:35,0
DA:39,0
DA:41,0
DA:47,1
DA:48,1
DA:49,1
DA:57,1
DA:58,1
DA:72,3
DA:78,24
DA:79,24
DA:80,2
DA:81,2
DA:83,24
DA:89,0
DA:90,0
DA:97,0
DA:98,0
DA:99,0
DA:108,26
DA:117,4
LF:31
LH:23
BRDA:79,0,0,2
BRDA:79,0,1,22
BRDA:86,1,0,24
BRDA:86,1,1,2
BRDA:94,2,0,24
BRDA:94,2,1,2
BRDA:100,3,0,0
BRDA:100,3,1,2
BRDA:110,4,0,26
BRDA:110,4,1,2
BRDA:111,5,0,26
BRDA:111,5,1,24
BRF:12
BRH:11
end_of_record
